<?xml version="1.0" encoding="UTF-8"?>
<!-- Generated by org.testng.reporters.JUnitReportReporter -->
<testsuite skipped="0" hostname="KrishnaK-LAPTOP" name="com.PJOHN.TestCases.PapaJhonesTestCases" tests="8" failures="0" timestamp="26 Nov 2018 17:09:56 GMT" time="372.309" errors="0">
  <testcase name="PJLogin" time="14.836" classname="com.PJOHN.TestCases.PapaJhonesTestCases"/>
  <testcase name="PJLaunch" time="68.824" classname="com.PJOHN.TestCases.PapaJhonesTestCases"/>
  <testcase name="PJwelcome" time="60.455" classname="com.PJOHN.TestCases.PapaJhonesTestCases"/>
  <testcase name="PJMessage" time="45.281" classname="com.PJOHN.TestCases.PapaJhonesTestCases"/>
  <testcase name="PJGrowing" time="45.997" classname="com.PJOHN.TestCases.PapaJhonesTestCases"/>
  <testcase name="PJFranchise" time="44.509" classname="com.PJOHN.TestCases.PapaJhonesTestCases"/>
  <testcase name="PJSchannaterMessage" time="46.312" classname="com.PJOHN.TestCases.PapaJhonesTestCases"/>
  <testcase name="PJConclusionPage" time="46.095" classname="com.PJOHN.TestCases.PapaJhonesTestCases"/>
</testsuite> <!-- com.PJOHN.TestCases.PapaJhonesTestCases -->
